Arguments: 
  /usr/local/bin/node /opt/yarn-v1.10.1/bin/yarn.js

PATH: 
  /usr/local/sbin:/usr/local/bin:/usr/sbin:/usr/bin:/sbin:/bin

Yarn version: 
  1.10.1

Node version: 
  10.13.0

Platform: 
  linux x64

Trace: 
  Error: connect EADDRNOTAVAIL 2606:4700::6810:1723:443 - Local (:::0)
      at internalConnect (net.js:884:16)
      at defaultTriggerAsyncIdScope (internal/async_hooks.js:294:19)
      at emitLookup (net.js:1031:9)
      at /opt/yarn-v1.10.1/lib/cli.js:96875:29
      at /opt/yarn-v1.10.1/lib/cli.js:96721:25
      at RawTask.module.exports.RawTask.call (/opt/yarn-v1.10.1/lib/cli.js:76100:19)
      at flush (/opt/yarn-v1.10.1/lib/cli.js:76182:29)
      at process._tickCallback (internal/process/next_tick.js:61:11)

npm manifest: 
  {
    "name": "shtylev",
    "version": "1.0.0",
    "main": "index.js",
    "license": "MIT",
    "scripts": {
      "start": "webpack-dev-server"
    },
    "dependencies": {
      "@stomp/stompjs": "^5.0.0",
      "sockjs-client": "^1.3.0",
      "vue": "^2.5.17",
      "vue-resource": "^1.5.1"
    },
    "devDependencies": {
      "@babel/core": "^7.1.6",
      "@babel/preset-env": "^7.1.6",
      "babel-loader": "^8.0.4",
      "vue-loader": "^15.4.2",
      "vue-template-compiler": "^2.5.17",
      "webpack": "^4.26.0",
      "webpack-cli": "^3.1.2",
      "webpack-dev-server": "^3.1.10"
    }
  }

yarn manifest: 
  No manifest

Lockfile: 
  No lockfile
